17:42:05 **** Incremental Build of configuration Debug for project Exercise3_MC2 ****
make all 
Building file: ../MC2.c
Invoking: AVR Compiler
avr-gcc -Wall -g2 -gstabs -O0 -fpack-struct -fshort-enums -ffunction-sections -fdata-sections -std=gnu99 -funsigned-char -funsigned-bitfields -mmcu=atmega16 -DF_CPU=1000000UL -MMD -MP -MF"MC2.d" -MT"MC2.d" -c -o "MC2.o" "../MC2.c"
In file included from ../micro_config.h:22,
                 from ../uart.h:16,
                 from ../MC2.c:8:
c:/winavr-20100110/lib/gcc/../../avr/include/util/delay.h:90:3: warning: #warning "Compiler optimizations disabled; functions from <util/delay.h> won't work as designed"
../MC2.c: In function 'main':
../MC2.c:20: warning: pointer targets in passing argument 1 of 'LCD_displayString' differ in signedness
Finished building: ../MC2.c
 
Building target: Exercise3_MC2.elf
Invoking: AVR C Linker
avr-gcc -Wl,-Map,Exercise3_MC2.map -mmcu=atmega16 -o "Exercise3_MC2.elf"  ./MC2.o ./lcd.o ./uart.o   
Finished building target: Exercise3_MC2.elf
 
Invoking: AVR Create Extended Listing
avr-objdump -h -S Exercise3_MC2.elf  >"Exercise3_MC2.lss"
Finished building: Exercise3_MC2.lss
 
Invoking: Print Size
avr-size --format=avr --mcu=atmega16 Exercise3_MC2.elf
AVR Memory Usage
----------------
Device: atmega16

Program:    5966 bytes (36.4% Full)
(.text + .data + .bootloader)

Data:          8 bytes (0.8% Full)
(.data + .bss + .noinit)


Finished building: sizedummy
 
00:08:52 **** Build of configuration Debug for project Challenge_MC1 ****
make all 
Building file: ../MC1.c
Invoking: AVR Compiler
avr-gcc -Wall -g2 -gstabs -O0 -fpack-struct -fshort-enums -ffunction-sections -fdata-sections -std=gnu99 -funsigned-char -funsigned-bitfields -mmcu=atmega16 -DF_CPU=1000000UL -MMD -MP -MF"MC1.d" -MT"MC1.d" -c -o "MC1.o" "../MC1.c"
In file included from ../micro_config.h:22,
                 from ../keypad.h:17,
                 from ../MC1.c:8:
c:/winavr-20100110/lib/gcc/../../avr/include/util/delay.h:90:3: warning: #warning "Compiler optimizations disabled; functions from <util/delay.h> won't work as designed"
Finished building: ../MC1.c
 
Building file: ../keypad.c
Invoking: AVR Compiler
avr-gcc -Wall -g2 -gstabs -O0 -fpack-struct -fshort-enums -ffunction-sections -fdata-sections -std=gnu99 -funsigned-char -funsigned-bitfields -mmcu=atmega16 -DF_CPU=1000000UL -MMD -MP -MF"keypad.d" -MT"keypad.d" -c -o "keypad.o" "../keypad.c"
In file included from ../micro_config.h:22,
                 from ../keypad.h:17,
                 from ../keypad.c:13:
c:/winavr-20100110/lib/gcc/../../avr/include/util/delay.h:90:3: warning: #warning "Compiler optimizations disabled; functions from <util/delay.h> won't work as designed"
Finished building: ../keypad.c
 
Building file: ../uart.c
Invoking: AVR Compiler
avr-gcc -Wall -g2 -gstabs -O0 -fpack-struct -fshort-enums -ffunction-sections -fdata-sections -std=gnu99 -funsigned-char -funsigned-bitfields -mmcu=atmega16 -DF_CPU=1000000UL -MMD -MP -MF"uart.d" -MT"uart.d" -c -o "uart.o" "../uart.c"
In file included from ../micro_config.h:22,
                 from ../uart.h:16,
                 from ../uart.c:13:
c:/winavr-20100110/lib/gcc/../../avr/include/util/delay.h:90:3: warning: #warning "Compiler optimizations disabled; functions from <util/delay.h> won't work as designed"
Finished building: ../uart.c
 
Building target: Challenge_MC1.elf
Invoking: AVR C Linker
avr-gcc -Wl,-Map,Challenge_MC1.map -mmcu=atmega16 -o "Challenge_MC1.elf"  ./MC1.o ./keypad.o ./uart.o   
Finished building target: Challenge_MC1.elf
 
Invoking: AVR Create Extended Listing
avr-objdump -h -S Challenge_MC1.elf  >"Challenge_MC1.lss"
Finished building: Challenge_MC1.lss
 
Invoking: Print Size
avr-size --format=avr --mcu=atmega16 Challenge_MC1.elf
AVR Memory Usage
----------------
Device: atmega16

Program:    4110 bytes (25.1% Full)
(.text + .data + .bootloader)

Data:          8 bytes (0.8% Full)
(.data + .bss + .noinit)


Finished building: sizedummy
 
00:08:57 **** Build of configuration Debug for project Challenge_MC2 ****
make all 
Building file: ../MC2.c
Invoking: AVR Compiler
avr-gcc -Wall -g2 -gstabs -O0 -fpack-struct -fshort-enums -ffunction-sections -fdata-sections -std=gnu99 -funsigned-char -funsigned-bitfields -mmcu=atmega16 -DF_CPU=1000000UL -MMD -MP -MF"MC2.d" -MT"MC2.d" -c -o "MC2.o" "../MC2.c"
In file included from ../micro_config.h:22,
                 from ../uart.h:16,
                 from ../MC2.c:8:
c:/winavr-20100110/lib/gcc/../../avr/include/util/delay.h:90:3: warning: #warning "Compiler optimizations disabled; functions from <util/delay.h> won't work as designed"
Finished building: ../MC2.c
 
Building file: ../lcd.c
Invoking: AVR Compiler
avr-gcc -Wall -g2 -gstabs -O0 -fpack-struct -fshort-enums -ffunction-sections -fdata-sections -std=gnu99 -funsigned-char -funsigned-bitfields -mmcu=atmega16 -DF_CPU=1000000UL -MMD -MP -MF"lcd.d" -MT"lcd.d" -c -o "lcd.o" "../lcd.c"
In file included from ../micro_config.h:22,
                 from ../lcd.h:18,
                 from ../lcd.c:13:
c:/winavr-20100110/lib/gcc/../../avr/include/util/delay.h:90:3: warning: #warning "Compiler optimizations disabled; functions from <util/delay.h> won't work as designed"
../lcd.c: In function 'LCD_intgerToString':
../lcd.c:107: warning: implicit declaration of function 'itoa'
Finished building: ../lcd.c
 
Building file: ../uart.c
Invoking: AVR Compiler
avr-gcc -Wall -g2 -gstabs -O0 -fpack-struct -fshort-enums -ffunction-sections -fdata-sections -std=gnu99 -funsigned-char -funsigned-bitfields -mmcu=atmega16 -DF_CPU=1000000UL -MMD -MP -MF"uart.d" -MT"uart.d" -c -o "uart.o" "../uart.c"
In file included from ../micro_config.h:22,
                 from ../uart.h:16,
                 from ../uart.c:13:
c:/winavr-20100110/lib/gcc/../../avr/include/util/delay.h:90:3: warning: #warning "Compiler optimizations disabled; functions from <util/delay.h> won't work as designed"
Finished building: ../uart.c
 
Building target: Challenge_MC2.elf
Invoking: AVR C Linker
avr-gcc -Wl,-Map,Challenge_MC2.map -mmcu=atmega16 -o "Challenge_MC2.elf"  ./MC2.o ./lcd.o ./uart.o   
Finished building target: Challenge_MC2.elf
 
Invoking: AVR Create Extended Listing
avr-objdump -h -S Challenge_MC2.elf  >"Challenge_MC2.lss"
Finished building: Challenge_MC2.lss
 
Invoking: Print Size
avr-size --format=avr --mcu=atmega16 Challenge_MC2.elf
AVR Memory Usage
----------------
Device: atmega16

Program:    5964 bytes (36.4% Full)
(.text + .data + .bootloader)

Data:          8 bytes (0.8% Full)
(.data + .bss + .noinit)


Finished building: sizedummy
 
00:09:00 **** Build of configuration Debug for project Exercise1 ****
make all 
Building file: ../Exercise1.c
Invoking: AVR Compiler
avr-gcc -Wall -g2 -gstabs -O0 -fpack-struct -fshort-enums -ffunction-sections -fdata-sections -std=gnu99 -funsigned-char -funsigned-bitfields -mmcu=atmega16 -DF_CPU=1000000UL -MMD -MP -MF"Exercise1.d" -MT"Exercise1.d" -c -o "Exercise1.o" "../Exercise1.c"
In file included from ../micro_config.h:22,
                 from ../uart.h:16,
                 from ../Exercise1.c:8:
c:/winavr-20100110/lib/gcc/../../avr/include/util/delay.h:90:3: warning: #warning "Compiler optimizations disabled; functions from <util/delay.h> won't work as designed"
../Exercise1.c: In function 'main':
../Exercise1.c:12: warning: unused variable 'Str'
Finished building: ../Exercise1.c
 
Building file: ../uart.c
Invoking: AVR Compiler
avr-gcc -Wall -g2 -gstabs -O0 -fpack-struct -fshort-enums -ffunction-sections -fdata-sections -std=gnu99 -funsigned-char -funsigned-bitfields -mmcu=atmega16 -DF_CPU=1000000UL -MMD -MP -MF"uart.d" -MT"uart.d" -c -o "uart.o" "../uart.c"
In file included from ../micro_config.h:22,
                 from ../uart.h:16,
                 from ../uart.c:13:
c:/winavr-20100110/lib/gcc/../../avr/include/util/delay.h:90:3: warning: #warning "Compiler optimizations disabled; functions from <util/delay.h> won't work as designed"
Finished building: ../uart.c
 
Building target: Exercise1.elf
Invoking: AVR C Linker
avr-gcc -Wl,-Map,Exercise1.map -mmcu=atmega16 -o "Exercise1.elf"  ./Exercise1.o ./uart.o   
Finished building target: Exercise1.elf
 
Invoking: AVR Create Extended Listing
avr-objdump -h -S Exercise1.elf  >"Exercise1.lss"
Finished building: Exercise1.lss
 
Invoking: Print Size
avr-size --format=avr --mcu=atmega16 Exercise1.elf
AVR Memory Usage
----------------
Device: atmega16

Program:     494 bytes (3.0% Full)
(.text + .data + .bootloader)

Data:          0 bytes (0.0% Full)
(.data + .bss + .noinit)


Finished building: sizedummy
 
00:09:01 **** Build of configuration Debug for project Exercise2_MC1 ****
make all 
Building file: ../MC1.c
Invoking: AVR Compiler
avr-gcc -Wall -g2 -gstabs -O0 -fpack-struct -fshort-enums -ffunction-sections -fdata-sections -std=gnu99 -funsigned-char -funsigned-bitfields -mmcu=atmega16 -DF_CPU=1000000UL -MMD -MP -MF"MC1.d" -MT"MC1.d" -c -o "MC1.o" "../MC1.c"
In file included from ../micro_config.h:22,
                 from ../uart.h:16,
                 from ../MC1.c:8:
c:/winavr-20100110/lib/gcc/../../avr/include/util/delay.h:90:3: warning: #warning "Compiler optimizations disabled; functions from <util/delay.h> won't work as designed"
Finished building: ../MC1.c
 
Building file: ../keypad.c
Invoking: AVR Compiler
avr-gcc -Wall -g2 -gstabs -O0 -fpack-struct -fshort-enums -ffunction-sections -fdata-sections -std=gnu99 -funsigned-char -funsigned-bitfields -mmcu=atmega16 -DF_CPU=1000000UL -MMD -MP -MF"keypad.d" -MT"keypad.d" -c -o "keypad.o" "../keypad.c"
In file included from ../micro_config.h:22,
                 from ../keypad.h:17,
                 from ../keypad.c:13:
c:/winavr-20100110/lib/gcc/../../avr/include/util/delay.h:90:3: warning: #warning "Compiler optimizations disabled; functions from <util/delay.h> won't work as designed"
Finished building: ../keypad.c
 
Building file: ../uart.c
Invoking: AVR Compiler
avr-gcc -Wall -g2 -gstabs -O0 -fpack-struct -fshort-enums -ffunction-sections -fdata-sections -std=gnu99 -funsigned-char -funsigned-bitfields -mmcu=atmega16 -DF_CPU=1000000UL -MMD -MP -MF"uart.d" -MT"uart.d" -c -o "uart.o" "../uart.c"
In file included from ../micro_config.h:22,
                 from ../uart.h:16,
                 from ../uart.c:13:
c:/winavr-20100110/lib/gcc/../../avr/include/util/delay.h:90:3: warning: #warning "Compiler optimizations disabled; functions from <util/delay.h> won't work as designed"
Finished building: ../uart.c
 
Building target: Exercise2_MC1.elf
Invoking: AVR C Linker
avr-gcc -Wl,-Map,Exercise2_MC1.map -mmcu=atmega16 -o "Exercise2_MC1.elf"  ./MC1.o ./keypad.o ./uart.o   
Finished building target: Exercise2_MC1.elf
 
Invoking: AVR Create Extended Listing
avr-objdump -h -S Exercise2_MC1.elf  >"Exercise2_MC1.lss"
Finished building: Exercise2_MC1.lss
 
Invoking: Print Size
avr-size --format=avr --mcu=atmega16 Exercise2_MC1.elf
AVR Memory Usage
----------------
Device: atmega16

Program:    3888 bytes (23.7% Full)
(.text + .data + .bootloader)

Data:          8 bytes (0.8% Full)
(.data + .bss + .noinit)


Finished building: sizedummy
 
00:09:02 **** Build of configuration Debug for project Exercise2_MC2 ****
make all 
Building file: ../MC2.c
Invoking: AVR Compiler
avr-gcc -Wall -g2 -gstabs -O0 -fpack-struct -fshort-enums -ffunction-sections -fdata-sections -std=gnu99 -funsigned-char -funsigned-bitfields -mmcu=atmega16 -DF_CPU=1000000UL -MMD -MP -MF"MC2.d" -MT"MC2.d" -c -o "MC2.o" "../MC2.c"
In file included from ../micro_config.h:22,
                 from ../uart.h:16,
                 from ../MC2.c:8:
c:/winavr-20100110/lib/gcc/../../avr/include/util/delay.h:90:3: warning: #warning "Compiler optimizations disabled; functions from <util/delay.h> won't work as designed"
Finished building: ../MC2.c
 
Building file: ../uart.c
Invoking: AVR Compiler
avr-gcc -Wall -g2 -gstabs -O0 -fpack-struct -fshort-enums -ffunction-sections -fdata-sections -std=gnu99 -funsigned-char -funsigned-bitfields -mmcu=atmega16 -DF_CPU=1000000UL -MMD -MP -MF"uart.d" -MT"uart.d" -c -o "uart.o" "../uart.c"
In file included from ../micro_config.h:22,
                 from ../uart.h:16,
                 from ../uart.c:13:
c:/winavr-20100110/lib/gcc/../../avr/include/util/delay.h:90:3: warning: #warning "Compiler optimizations disabled; functions from <util/delay.h> won't work as designed"
Finished building: ../uart.c
 
Building target: Exercise2_MC2.elf
Invoking: AVR C Linker
avr-gcc -Wl,-Map,Exercise2_MC2.map -mmcu=atmega16 -o "Exercise2_MC2.elf"  ./MC2.o ./uart.o   
Finished building target: Exercise2_MC2.elf
 
Invoking: AVR Create Extended Listing
avr-objdump -h -S Exercise2_MC2.elf  >"Exercise2_MC2.lss"
Finished building: Exercise2_MC2.lss
 
Invoking: Print Size
avr-size --format=avr --mcu=atmega16 Exercise2_MC2.elf
AVR Memory Usage
----------------
Device: atmega16

Program:     520 bytes (3.2% Full)
(.text + .data + .bootloader)

Data:          0 bytes (0.0% Full)
(.data + .bss + .noinit)


Finished building: sizedummy
 
00:09:04 **** Build of configuration Debug for project Exercise3_MC1 ****
make all 
Building file: ../MC1.c
Invoking: AVR Compiler
avr-gcc -Wall -g2 -gstabs -O0 -fpack-struct -fshort-enums -ffunction-sections -fdata-sections -std=gnu99 -funsigned-char -funsigned-bitfields -mmcu=atmega16 -DF_CPU=1000000UL -MMD -MP -MF"MC1.d" -MT"MC1.d" -c -o "MC1.o" "../MC1.c"
In file included from ../micro_config.h:22,
                 from ../uart.h:16,
                 from ../MC1.c:8:
c:/winavr-20100110/lib/gcc/../../avr/include/util/delay.h:90:3: warning: #warning "Compiler optimizations disabled; functions from <util/delay.h> won't work as designed"
../MC1.c: In function 'main':
../MC1.c:16: warning: pointer targets in passing argument 1 of 'UART_sendString' differ in signedness
Finished building: ../MC1.c
 
Building file: ../uart.c
Invoking: AVR Compiler
avr-gcc -Wall -g2 -gstabs -O0 -fpack-struct -fshort-enums -ffunction-sections -fdata-sections -std=gnu99 -funsigned-char -funsigned-bitfields -mmcu=atmega16 -DF_CPU=1000000UL -MMD -MP -MF"uart.d" -MT"uart.d" -c -o "uart.o" "../uart.c"
In file included from ../micro_config.h:22,
                 from ../uart.h:16,
                 from ../uart.c:13:
c:/winavr-20100110/lib/gcc/../../avr/include/util/delay.h:90:3: warning: #warning "Compiler optimizations disabled; functions from <util/delay.h> won't work as designed"
Finished building: ../uart.c
 
Building target: Exercise3_MC1.elf
Invoking: AVR C Linker
avr-gcc -Wl,-Map,Exercise3_MC1.map -mmcu=atmega16 -o "Exercise3_MC1.elf"  ./MC1.o ./uart.o   
Finished building target: Exercise3_MC1.elf
 
Invoking: AVR Create Extended Listing
avr-objdump -h -S Exercise3_MC1.elf  >"Exercise3_MC1.lss"
Finished building: Exercise3_MC1.lss
 
Invoking: Print Size
avr-size --format=avr --mcu=atmega16 Exercise3_MC1.elf
AVR Memory Usage
----------------
Device: atmega16

Program:     522 bytes (3.2% Full)
(.text + .data + .bootloader)

Data:         14 bytes (1.4% Full)
(.data + .bss + .noinit)


Finished building: sizedummy
 
00:09:05 **** Build of configuration Debug for project Exercise3_MC2 ****
make all 
Building file: ../MC2.c
Invoking: AVR Compiler
avr-gcc -Wall -g2 -gstabs -O0 -fpack-struct -fshort-enums -ffunction-sections -fdata-sections -std=gnu99 -funsigned-char -funsigned-bitfields -mmcu=atmega16 -DF_CPU=1000000UL -MMD -MP -MF"MC2.d" -MT"MC2.d" -c -o "MC2.o" "../MC2.c"
In file included from ../micro_config.h:22,
                 from ../uart.h:16,
                 from ../MC2.c:8:
c:/winavr-20100110/lib/gcc/../../avr/include/util/delay.h:90:3: warning: #warning "Compiler optimizations disabled; functions from <util/delay.h> won't work as designed"
../MC2.c: In function 'main':
../MC2.c:20: warning: pointer targets in passing argument 1 of 'LCD_displayString' differ in signedness
Finished building: ../MC2.c
 
Building file: ../lcd.c
Invoking: AVR Compiler
avr-gcc -Wall -g2 -gstabs -O0 -fpack-struct -fshort-enums -ffunction-sections -fdata-sections -std=gnu99 -funsigned-char -funsigned-bitfields -mmcu=atmega16 -DF_CPU=1000000UL -MMD -MP -MF"lcd.d" -MT"lcd.d" -c -o "lcd.o" "../lcd.c"
In file included from ../micro_config.h:22,
                 from ../lcd.h:18,
                 from ../lcd.c:13:
c:/winavr-20100110/lib/gcc/../../avr/include/util/delay.h:90:3: warning: #warning "Compiler optimizations disabled; functions from <util/delay.h> won't work as designed"
../lcd.c: In function 'LCD_intgerToString':
../lcd.c:107: warning: implicit declaration of function 'itoa'
Finished building: ../lcd.c
 
Building file: ../uart.c
Invoking: AVR Compiler
avr-gcc -Wall -g2 -gstabs -O0 -fpack-struct -fshort-enums -ffunction-sections -fdata-sections -std=gnu99 -funsigned-char -funsigned-bitfields -mmcu=atmega16 -DF_CPU=1000000UL -MMD -MP -MF"uart.d" -MT"uart.d" -c -o "uart.o" "../uart.c"
In file included from ../micro_config.h:22,
                 from ../uart.h:16,
                 from ../uart.c:13:
c:/winavr-20100110/lib/gcc/../../avr/include/util/delay.h:90:3: warning: #warning "Compiler optimizations disabled; functions from <util/delay.h> won't work as designed"
Finished building: ../uart.c
 
Building target: Exercise3_MC2.elf
Invoking: AVR C Linker
avr-gcc -Wl,-Map,Exercise3_MC2.map -mmcu=atmega16 -o "Exercise3_MC2.elf"  ./MC2.o ./lcd.o ./uart.o   
Finished building target: Exercise3_MC2.elf
 
Invoking: AVR Create Extended Listing
avr-objdump -h -S Exercise3_MC2.elf  >"Exercise3_MC2.lss"
Finished building: Exercise3_MC2.lss
 
Invoking: Print Size
avr-size --format=avr --mcu=atmega16 Exercise3_MC2.elf
AVR Memory Usage
----------------
Device: atmega16

Program:    5966 bytes (36.4% Full)
(.text + .data + .bootloader)

Data:          8 bytes (0.8% Full)
(.data + .bss + .noinit)


Finished building: sizedummy
 
