08:07:23 **** Incremental Build of configuration Debug for project Exercise3 ****
make all 
Building file: ../Exercise3.c
Invoking: AVR Compiler
avr-gcc -Wall -g2 -gstabs -O0 -fpack-struct -fshort-enums -ffunction-sections -fdata-sections -std=gnu99 -funsigned-char -funsigned-bitfields -mmcu=atmega16 -DF_CPU=1000000UL -MMD -MP -MF"Exercise3.d" -MT"Exercise3.o" -c -o "Exercise3.o" "../Exercise3.c"
In file included from ../Exercise3.c:6:
c:/winavr-20100110/lib/gcc/../../avr/include/avr/delay.h:36:2: warning: #warning "This file has been moved to <util/delay.h>."
In file included from c:/winavr-20100110/lib/gcc/../../avr/include/avr/delay.h:37,
                 from ../Exercise3.c:6:
c:/winavr-20100110/lib/gcc/../../avr/include/util/delay.h:90:3: warning: #warning "Compiler optimizations disabled; functions from <util/delay.h> won't work as designed"
Finished building: ../Exercise3.c
 
Building target: Exercise3.elf
Invoking: AVR C Linker
avr-gcc -Wl,-Map,Exercise3.map -mmcu=atmega16 -o "Exercise3.elf"  ./Exercise3.o   
Finished building target: Exercise3.elf
 
Invoking: AVR Create Extended Listing
avr-objdump -h -S Exercise3.elf  >"Exercise3.lss"
Finished building: Exercise3.lss
 
Invoking: Print Size
avr-size --format=avr --mcu=atmega16 Exercise3.elf
AVR Memory Usage
----------------
Device: atmega16

Program:    3310 bytes (20.2% Full)
(.text + .data + .bootloader)

Data:          8 bytes (0.8% Full)
(.data + .bss + .noinit)


Finished building: sizedummy
 

08:07:23 Build Finished (took 385ms)

