12:16:43 **** Incremental Build of configuration Debug for project Exercise3 ****
make all 
Building file: ../Exercise3.c
Invoking: AVR Compiler
avr-gcc -Wall -g2 -gstabs -O0 -fpack-struct -fshort-enums -ffunction-sections -fdata-sections -std=gnu99 -funsigned-char -funsigned-bitfields -mmcu=atmega16 -DF_CPU=1000000UL -MMD -MP -MF"Exercise3.d" -MT"Exercise3.d" -c -o "Exercise3.o" "../Exercise3.c"
In file included from ../micro_config.h:22,
                 from ../lcd.h:18,
                 from ../Exercise3.c:8:
c:/winavr-20100110/lib/gcc/../../avr/include/util/delay.h:90:3: warning: #warning "Compiler optimizations disabled; functions from <util/delay.h> won't work as designed"
Finished building: ../Exercise3.c
 
Building file: ../lcd.c
Invoking: AVR Compiler
avr-gcc -Wall -g2 -gstabs -O0 -fpack-struct -fshort-enums -ffunction-sections -fdata-sections -std=gnu99 -funsigned-char -funsigned-bitfields -mmcu=atmega16 -DF_CPU=1000000UL -MMD -MP -MF"lcd.d" -MT"lcd.d" -c -o "lcd.o" "../lcd.c"
In file included from ../micro_config.h:22,
                 from ../lcd.h:18,
                 from ../lcd.c:13:
c:/winavr-20100110/lib/gcc/../../avr/include/util/delay.h:90:3: warning: #warning "Compiler optimizations disabled; functions from <util/delay.h> won't work as designed"
../lcd.c: In function 'LCD_intgerToString':
../lcd.c:168: warning: implicit declaration of function 'itoa'
Finished building: ../lcd.c
 
Building target: Exercise3.elf
Invoking: AVR C Linker
avr-gcc -Wl,-Map,Exercise3.map -mmcu=atmega16 -o "Exercise3.elf"  ./Exercise3.o ./lcd.o   
Finished building target: Exercise3.elf
 
Invoking: AVR Create Extended Listing
avr-objdump -h -S Exercise3.elf  >"Exercise3.lss"
Finished building: Exercise3.lss
 
Invoking: Print Size
avr-size --format=avr --mcu=atmega16 Exercise3.elf
AVR Memory Usage
----------------
Device: atmega16

Program:    7830 bytes (47.8% Full)
(.text + .data + .bootloader)

Data:         40 bytes (3.9% Full)
(.data + .bss + .noinit)


Finished building: sizedummy
 

12:16:44 Build Finished (took 1s.155ms)

